Info: Start Nativelink Simulation process

========= EDA Simulation Settings =====================

Sim Mode              :  Gate
Family                :  cycloneive
Quartus root          :  c:/intelfpga_lite/20.1/quartus/bin64/
Quartus sim root      :  c:/intelfpga_lite/20.1/quartus/eda/sim_lib
Simulation Tool       :  modelsim-altera
Simulation Language   :  vhdl
Version               :  93
Simulation Mode       :  GUI
Sim Output File       :  D_flipflop.vho
Sim SDF file          :  D_flipflop__vhdl.sdo
Sim dir               :  simulation\modelsim

=======================================================

Info: Starting NativeLink simulation with ModelSim-Altera software
Sourced NativeLink script c:/intelfpga_lite/20.1/quartus/common/tcl/internal/nativelink/modelsim.tcl
Warning: File D_flipflop_run_msim_gate_vhdl.do already exists - backing up current file as D_flipflop_run_msim_gate_vhdl.do.bak
Probing transcript
ModelSim-Altera Info: # Reading pref.tcl
ModelSim-Altera Info: # do D_flipflop_run_msim_gate_vhdl.do
ModelSim-Altera Info: # if {[file exists gate_work]} {
ModelSim-Altera Info: # 	vdel -lib gate_work -all
ModelSim-Altera Info: # }
ModelSim-Altera Info: # vlib gate_work
ModelSim-Altera Info: # vmap work gate_work
ModelSim-Altera Info: # Model Technology ModelSim - Intel FPGA Edition vmap 2020.1 Lib Mapping Utility 2020.02 Feb 28 2020
ModelSim-Altera Info: # vmap work gate_work 
ModelSim-Altera Info: # Copying C:/intelFPGA_lite/20.1/modelsim_ase/win32aloem/../modelsim.ini to modelsim.ini
ModelSim-Altera Info: # Modifying modelsim.ini
ModelSim-Altera Info: # 
ModelSim-Altera Info: # vcom -93 -work work {D_flipflop.vho}
ModelSim-Altera Info: # Model Technology ModelSim - Intel FPGA Edition vcom 2020.1 Compiler 2020.02 Feb 28 2020
ModelSim-Altera Info: # Start time: 13:14:37 on Jul 22,2022
ModelSim-Altera Info: # vcom -reportprogress 300 -93 -work work D_flipflop.vho 
ModelSim-Altera Info: # -- Loading package STANDARD
ModelSim-Altera Info: # -- Loading package TEXTIO
ModelSim-Altera Info: # -- Loading package std_logic_1164
ModelSim-Altera Info: # -- Loading package VITAL_Timing
ModelSim-Altera Info: # -- Loading package VITAL_Primitives
ModelSim-Altera Info: # -- Loading package cycloneive_atom_pack
ModelSim-Altera Info: # -- Loading package cycloneive_components
ModelSim-Altera Info: # -- Compiling entity hard_block
ModelSim-Altera Info: # -- Compiling architecture structure of hard_block
ModelSim-Altera Info: # -- Compiling entity D_flipflop
ModelSim-Altera Info: # -- Compiling architecture structure of D_flipflop
ModelSim-Altera Info: # End time: 13:14:37 on Jul 22,2022, Elapsed time: 0:00:00
ModelSim-Altera Info: # Errors: 0, Warnings: 0
ModelSim-Altera Info: # 
ModelSim-Altera Info: # vcom -93 -work work {C:/Users/HP/Documents/PROJECT_PROCESSOR/D_flipflop/Test_bench.vhd}
ModelSim-Altera Info: # Model Technology ModelSim - Intel FPGA Edition vcom 2020.1 Compiler 2020.02 Feb 28 2020
ModelSim-Altera Info: # Start time: 13:14:38 on Jul 22,2022
ModelSim-Altera Info: # vcom -reportprogress 300 -93 -work work C:/Users/HP/Documents/PROJECT_PROCESSOR/D_flipflop/Test_bench.vhd 
ModelSim-Altera Info: # -- Loading package STANDARD
ModelSim-Altera Info: # -- Loading package TEXTIO
ModelSim-Altera Info: # -- Loading package std_logic_1164
ModelSim-Altera Info: # -- Compiling entity test_bench
ModelSim-Altera Info: # -- Compiling architecture tb of test_bench
ModelSim-Altera Info: # -- Loading package VITAL_Timing
ModelSim-Altera Info: # -- Loading package VITAL_Primitives
ModelSim-Altera Info: # -- Loading package cycloneive_atom_pack
ModelSim-Altera Info: # -- Loading package cycloneive_components
ModelSim-Altera Info: # -- Loading entity D_flipflop
ModelSim-Altera Info: # End time: 13:14:38 on Jul 22,2022, Elapsed time: 0:00:00
ModelSim-Altera Info: # Errors: 0, Warnings: 0
ModelSim-Altera Info: # 
ModelSim-Altera Info: # vsim -t 1ps -L altera -L cycloneive -L gate_work -L work -voptargs="+acc"  Test_Bench
ModelSim-Altera Info: # vsim -t 1ps -L altera -L cycloneive -L gate_work -L work -voptargs=""+acc"" Test_Bench 
ModelSim-Altera Info: # Start time: 13:14:38 on Jul 22,2022
ModelSim-Altera Info: # Loading std.standard
ModelSim-Altera Info: # Loading std.textio(body)
ModelSim-Altera Info: # Loading ieee.std_logic_1164(body)
ModelSim-Altera Info: # Loading ieee.vital_timing(body)
ModelSim-Altera Info: # Loading ieee.vital_primitives(body)
ModelSim-Altera Info: # Loading cycloneive.cycloneive_atom_pack(body)
ModelSim-Altera Info: # Loading cycloneive.cycloneive_components
ModelSim-Altera Info: # Loading work.test_bench(tb)
ModelSim-Altera Info: # Loading work.d_flipflop(structure)
ModelSim-Altera Info: # Loading work.hard_block(structure)
ModelSim-Altera Info: # Loading ieee.std_logic_arith(body)
ModelSim-Altera Info: # Loading cycloneive.cycloneive_io_obuf(arch)
ModelSim-Altera Info: # Loading cycloneive.cycloneive_io_ibuf(arch)
ModelSim-Altera Info: # Loading cycloneive.cycloneive_lcell_comb(vital_lcell_comb)
ModelSim-Altera Info: # 
ModelSim-Altera Info: # add wave *
ModelSim-Altera Info: # view structure
ModelSim-Altera Info: # .main_pane.structure.interior.cs.body.struct
ModelSim-Altera Info: # view signals
ModelSim-Altera Info: # .main_pane.objects.interior.cs.body.tree
ModelSim-Altera Info: # run -all
ModelSim-Altera Info: # End time: 13:15:06 on Jul 22,2022, Elapsed time: 0:00:28
ModelSim-Altera Info: # Errors: 0, Warnings: 0
Info: NativeLink simulation flow was successful
