Info: Start Nativelink Simulation process

========= EDA Simulation Settings =====================

Sim Mode              :  Gate
Family                :  cycloneive
Quartus root          :  c:/intelfpga_lite/20.1/quartus/bin64/
Quartus sim root      :  c:/intelfpga_lite/20.1/quartus/eda/sim_lib
Simulation Tool       :  modelsim-altera
Simulation Language   :  vhdl
Version               :  93
Simulation Mode       :  GUI
Sim Output File       :  counter_8bit.vho
Sim SDF file          :  counter_8bit__vhdl.sdo
Sim dir               :  simulation\modelsim

=======================================================

Info: Starting NativeLink simulation with ModelSim-Altera software
Sourced NativeLink script c:/intelfpga_lite/20.1/quartus/common/tcl/internal/nativelink/modelsim.tcl
Warning: File counter_8bit_run_msim_gate_vhdl.do already exists - backing up current file as counter_8bit_run_msim_gate_vhdl.do.bak11
Probing transcript
ModelSim-Altera Info: # Reading pref.tcl
ModelSim-Altera Info: # do counter_8bit_run_msim_gate_vhdl.do
ModelSim-Altera Info: # if {[file exists gate_work]} {
ModelSim-Altera Info: # 	vdel -lib gate_work -all
ModelSim-Altera Info: # }
ModelSim-Altera Info: # vlib gate_work
ModelSim-Altera Info: # vmap work gate_work
ModelSim-Altera Info: # Model Technology ModelSim - Intel FPGA Edition vmap 2020.1 Lib Mapping Utility 2020.02 Feb 28 2020
ModelSim-Altera Info: # vmap work gate_work 
ModelSim-Altera Info: # Copying C:/intelFPGA_lite/20.1/modelsim_ase/win32aloem/../modelsim.ini to modelsim.ini
ModelSim-Altera Info: # Modifying modelsim.ini
ModelSim-Altera Info: # 
ModelSim-Altera Info: # vcom -93 -work work {counter_8bit.vho}
ModelSim-Altera Info: # Model Technology ModelSim - Intel FPGA Edition vcom 2020.1 Compiler 2020.02 Feb 28 2020
ModelSim-Altera Info: # Start time: 07:20:49 on Jul 29,2022
ModelSim-Altera Info: # vcom -reportprogress 300 -93 -work work counter_8bit.vho 
ModelSim-Altera Info: # -- Loading package STANDARD
ModelSim-Altera Info: # -- Loading package TEXTIO
ModelSim-Altera Info: # -- Loading package std_logic_1164
ModelSim-Altera Info: # -- Loading package VITAL_Timing
ModelSim-Altera Info: # -- Loading package VITAL_Primitives
ModelSim-Altera Info: # -- Loading package cycloneive_atom_pack
ModelSim-Altera Info: # -- Loading package cycloneive_components
ModelSim-Altera Info: # -- Compiling entity hard_block
ModelSim-Altera Info: # -- Compiling architecture structure of hard_block
ModelSim-Altera Info: # -- Compiling entity counter_8bit
ModelSim-Altera Info: # -- Compiling architecture structure of counter_8bit
ModelSim-Altera Info: # End time: 07:20:50 on Jul 29,2022, Elapsed time: 0:00:01
ModelSim-Altera Info: # Errors: 0, Warnings: 0
ModelSim-Altera Info: # 
ModelSim-Altera Info: # vcom -93 -work work {C:/Users/HP/Documents/PROJECT_PROCESSOR/counter_8bit/Test_Bench.vhd}
ModelSim-Altera Info: # Model Technology ModelSim - Intel FPGA Edition vcom 2020.1 Compiler 2020.02 Feb 28 2020
ModelSim-Altera Info: # Start time: 07:20:50 on Jul 29,2022
ModelSim-Altera Info: # vcom -reportprogress 300 -93 -work work C:/Users/HP/Documents/PROJECT_PROCESSOR/counter_8bit/Test_Bench.vhd 
ModelSim-Altera Info: # -- Loading package STANDARD
ModelSim-Altera Info: # -- Loading package TEXTIO
ModelSim-Altera Info: # -- Loading package std_logic_1164
ModelSim-Altera Info: # -- Compiling entity Test_Bench
ModelSim-Altera Info: # -- Compiling architecture tb of Test_Bench
ModelSim-Altera Info: # -- Loading package VITAL_Timing
ModelSim-Altera Info: # -- Loading package VITAL_Primitives
ModelSim-Altera Info: # -- Loading package cycloneive_atom_pack
ModelSim-Altera Info: # -- Loading package cycloneive_components
ModelSim-Altera Info: # -- Loading entity counter_8bit
ModelSim-Altera Warning: # ** Warning: C:/Users/HP/Documents/PROJECT_PROCESSOR/counter_8bit/Test_Bench.vhd(12): (vcom-1207) An abstract literal and an identifier must have a separator between them.
ModelSim-Altera Warning: # ** Warning: C:/Users/HP/Documents/PROJECT_PROCESSOR/counter_8bit/Test_Bench.vhd(19): (vcom-1207) An abstract literal and an identifier must have a separator between them.
ModelSim-Altera Warning: # ** Warning: C:/Users/HP/Documents/PROJECT_PROCESSOR/counter_8bit/Test_Bench.vhd(22): (vcom-1207) An abstract literal and an identifier must have a separator between them.
ModelSim-Altera Info: # End time: 07:20:50 on Jul 29,2022, Elapsed time: 0:00:00
ModelSim-Altera Info: # Errors: 0, Warnings: 3
ModelSim-Altera Info: # 
ModelSim-Altera Info: # vsim -t 1ps -L altera -L cycloneive -L gate_work -L work -voptargs="+acc"  Test_Bench
ModelSim-Altera Info: # vsim -t 1ps -L altera -L cycloneive -L gate_work -L work -voptargs=""+acc"" Test_Bench 
ModelSim-Altera Info: # Start time: 07:20:50 on Jul 29,2022
ModelSim-Altera Info: # Loading std.standard
ModelSim-Altera Info: # Loading std.textio(body)
ModelSim-Altera Info: # Loading ieee.std_logic_1164(body)
ModelSim-Altera Info: # Loading ieee.vital_timing(body)
ModelSim-Altera Info: # Loading ieee.vital_primitives(body)
ModelSim-Altera Info: # Loading cycloneive.cycloneive_atom_pack(body)
ModelSim-Altera Info: # Loading cycloneive.cycloneive_components
ModelSim-Altera Info: # Loading work.test_bench(tb)
ModelSim-Altera Info: # Loading work.counter_8bit(structure)
ModelSim-Altera Info: # Loading work.hard_block(structure)
ModelSim-Altera Info: # Loading ieee.std_logic_arith(body)
ModelSim-Altera Info: # Loading cycloneive.cycloneive_io_obuf(arch)
ModelSim-Altera Info: # Loading cycloneive.cycloneive_io_ibuf(arch)
ModelSim-Altera Info: # Loading cycloneive.cycloneive_lcell_comb(vital_lcell_comb)
ModelSim-Altera Info: # Loading cycloneive.cycloneive_clkctrl(vital_clkctrl)
ModelSim-Altera Info: # Loading cycloneive.cycloneive_ena_reg(behave)
ModelSim-Altera Info: # 
ModelSim-Altera Info: # add wave *
ModelSim-Altera Warning: # ** Warning: (vsim-WLF-5000) WLF file currently in use: vsim.wlf
ModelSim-Altera Info: #           File in use by: HP  Hostname: LAPTOP-K8S5A5CM  ProcessID: 6836
ModelSim-Altera Info: #           Attempting to use alternate WLF file "./wlftnrmk7r".
ModelSim-Altera Warning: # ** Warning: (vsim-WLF-5001) Could not open WLF file: vsim.wlf
ModelSim-Altera Info: #           Using alternate file: ./wlftnrmk7r
ModelSim-Altera Info: # view structure
ModelSim-Altera Info: # .main_pane.structure.interior.cs.body.struct
ModelSim-Altera Info: # view signals
ModelSim-Altera Info: # .main_pane.objects.interior.cs.body.tree
ModelSim-Altera Info: # run -all
ModelSim-Altera Info: #############  Autofindloop Analysis  ###############
ModelSim-Altera Info: #############  Loop found at time 90 ns ###############
ModelSim-Altera Info: #   ByteEvent process: /test_bench/uut/\ff2|JK_flipflop|D0|nand2|F~2\/VITALtiming @ sub-iteration 0 to value HiX
ModelSim-Altera Info: #     Source: counter_8bit.vho:564
ModelSim-Altera Info: #   ByteEvent process: /test_bench/uut/\ff2|JK_flipflop|D1|nand2|F~1\/VITALtiming @ sub-iteration 0 to value HiZ
ModelSim-Altera Info: #     Source: counter_8bit.vho:581
ModelSim-Altera Info: #   ByteEvent process: /test_bench/uut/\ff2|JK_flipflop|D0|nand2|F~1\/VITALtiming @ sub-iteration 0 to value HiZ
ModelSim-Altera Info: #     Source: counter_8bit.vho:546
ModelSim-Altera Info: #   ByteEvent process: /test_bench/uut/\ff2|JK_flipflop|D0|nand2|F~1\/VITALtiming @ sub-iteration 0 to value HiZ
ModelSim-Altera Info: #     Source: counter_8bit.vho:546
ModelSim-Altera Info: #   ByteEvent process: /test_bench/uut/\Q[2]~output\/line__7352 @ sub-iteration 0 to value HiX
ModelSim-Altera Info: #     Source: counter_8bit.vho:267
ModelSim-Altera Info: #   ByteEvent process: /test_bench/uut/\Q[2]~output\/line__7352 @ sub-iteration 0 to value HiZ
ModelSim-Altera Info: #     Source: counter_8bit.vho:267
ModelSim-Altera Info: #   1164Event process: /test_bench/uut/line__216 @ sub-iteration 1 to value HiZ
ModelSim-Altera Info: #     Source: C:/Users/HP/Documents/PROJECT_PROCESSOR/counter_8bit/Test_Bench.vhd:11
ModelSim-Altera Info: #   ByteEvent process: /test_bench/uut/\ff2|JK_flipflop|D0|nand2|F~2\/VITALtiming @ sub-iteration 2 to value HiZ
ModelSim-Altera Info: #     Source: counter_8bit.vho:564
ModelSim-Altera Info: #   ByteEvent process: /test_bench/uut/\ff2|JK_flipflop|D1|nand2|F~1\/VITALtiming @ sub-iteration 2 to value HiX
ModelSim-Altera Info: #     Source: counter_8bit.vho:581
ModelSim-Altera Info: #   ByteEvent process: /test_bench/uut/\ff2|JK_flipflop|D0|nand2|F~1\/VITALtiming @ sub-iteration 2 to value HiX
ModelSim-Altera Info: #     Source: counter_8bit.vho:546
ModelSim-Altera Info: #   ByteEvent process: /test_bench/uut/\ff2|JK_flipflop|D0|nand2|F~1\/VITALtiming @ sub-iteration 2 to value HiX
ModelSim-Altera Info: #     Source: counter_8bit.vho:546
ModelSim-Altera Info: #   ByteEvent process: /test_bench/uut/\Q[2]~output\/line__7352 @ sub-iteration 2 to value HiZ
ModelSim-Altera Info: #     Source: counter_8bit.vho:267
ModelSim-Altera Info: #   ByteEvent process: /test_bench/uut/\Q[2]~output\/line__7352 @ sub-iteration 2 to value HiX
ModelSim-Altera Info: #     Source: counter_8bit.vho:267
ModelSim-Altera Info: #   1164Event process: /test_bench/uut/line__216 @ sub-iteration 3 to value HiX
ModelSim-Altera Info: #     Source: C:/Users/HP/Documents/PROJECT_PROCESSOR/counter_8bit/Test_Bench.vhd:11
ModelSim-Altera Info: #   ByteEvent process: /test_bench/uut/\ff2|JK_flipflop|D0|nand2|F~2\/VITALtiming @ sub-iteration 4 to value HiX
ModelSim-Altera Info: #     Source: counter_8bit.vho:564
ModelSim-Altera Info: ################# END OF LOOP #################
ModelSim-Altera Info: # ** Error (suppressible): (vsim-3601) Iteration limit 5000 reached at time 90 ns.
ModelSim-Altera Info: vsim -t 100ps -L altera -L cycloneive -L gate_work -L work -voptargs=\"+acc\" work.test_bench(tb)
ModelSim-Altera Info: # End time: 07:22:02 on Jul 29,2022, Elapsed time: 0:01:12
ModelSim-Altera Info: # Errors: 1, Warnings: 2
ModelSim-Altera Info: # vsim -t 100ps -L altera -L cycloneive -L gate_work -L work -voptargs=""+acc"" work.test_bench(tb) 
ModelSim-Altera Info: # Start time: 07:22:02 on Jul 29,2022
ModelSim-Altera Info: # Loading std.standard
ModelSim-Altera Info: # Loading std.textio(body)
ModelSim-Altera Info: # Loading ieee.std_logic_1164(body)
ModelSim-Altera Info: # Loading ieee.vital_timing(body)
ModelSim-Altera Info: # Loading ieee.vital_primitives(body)
ModelSim-Altera Info: # Loading cycloneive.cycloneive_atom_pack(body)
ModelSim-Altera Info: # Loading cycloneive.cycloneive_components
ModelSim-Altera Info: # Loading work.test_bench(tb)
ModelSim-Altera Info: # Loading work.counter_8bit(structure)
ModelSim-Altera Info: # Loading work.hard_block(structure)
ModelSim-Altera Info: # Loading ieee.std_logic_arith(body)
ModelSim-Altera Info: # Loading cycloneive.cycloneive_io_obuf(arch)
ModelSim-Altera Info: # Loading cycloneive.cycloneive_io_ibuf(arch)
ModelSim-Altera Info: # Loading cycloneive.cycloneive_lcell_comb(vital_lcell_comb)
ModelSim-Altera Info: # Loading cycloneive.cycloneive_clkctrl(vital_clkctrl)
ModelSim-Altera Info: # Loading cycloneive.cycloneive_ena_reg(behave)
ModelSim-Altera Info: run -all
ModelSim-Altera Info: #############  Autofindloop Analysis  ###############
ModelSim-Altera Info: #############  Loop found at time 90 ns ###############
ModelSim-Altera Info: #   ByteEvent process: /test_bench/uut/\ff2|JK_flipflop|D0|nand2|F~2\/VITALtiming @ sub-iteration 0 to value HiX
ModelSim-Altera Info: #     Source: counter_8bit.vho:564
ModelSim-Altera Info: #   ByteEvent process: /test_bench/uut/\ff2|JK_flipflop|D1|nand2|F~1\/VITALtiming @ sub-iteration 0 to value HiZ
ModelSim-Altera Info: #     Source: counter_8bit.vho:581
ModelSim-Altera Info: #   ByteEvent process: /test_bench/uut/\ff2|JK_flipflop|D0|nand2|F~1\/VITALtiming @ sub-iteration 0 to value HiZ
ModelSim-Altera Info: #     Source: counter_8bit.vho:546
ModelSim-Altera Info: #   ByteEvent process: /test_bench/uut/\ff2|JK_flipflop|D0|nand2|F~1\/VITALtiming @ sub-iteration 0 to value HiZ
ModelSim-Altera Info: #     Source: counter_8bit.vho:546
ModelSim-Altera Info: #   ByteEvent process: /test_bench/uut/\Q[2]~output\/line__7352 @ sub-iteration 0 to value HiX
ModelSim-Altera Info: #     Source: counter_8bit.vho:267
ModelSim-Altera Info: #   ByteEvent process: /test_bench/uut/\Q[2]~output\/line__7352 @ sub-iteration 0 to value HiZ
ModelSim-Altera Info: #     Source: counter_8bit.vho:267
ModelSim-Altera Info: #   1164Event process: /test_bench/uut/line__216 @ sub-iteration 1 to value HiZ
ModelSim-Altera Info: #     Source: C:/Users/HP/Documents/PROJECT_PROCESSOR/counter_8bit/Test_Bench.vhd:11
ModelSim-Altera Info: #   ByteEvent process: /test_bench/uut/\ff2|JK_flipflop|D0|nand2|F~2\/VITALtiming @ sub-iteration 2 to value HiZ
ModelSim-Altera Info: #     Source: counter_8bit.vho:564
ModelSim-Altera Info: #   ByteEvent process: /test_bench/uut/\ff2|JK_flipflop|D1|nand2|F~1\/VITALtiming @ sub-iteration 2 to value HiX
ModelSim-Altera Info: #     Source: counter_8bit.vho:581
ModelSim-Altera Info: #   ByteEvent process: /test_bench/uut/\ff2|JK_flipflop|D0|nand2|F~1\/VITALtiming @ sub-iteration 2 to value HiX
ModelSim-Altera Info: #     Source: counter_8bit.vho:546
ModelSim-Altera Info: #   ByteEvent process: /test_bench/uut/\ff2|JK_flipflop|D0|nand2|F~1\/VITALtiming @ sub-iteration 2 to value HiX
ModelSim-Altera Info: #     Source: counter_8bit.vho:546
ModelSim-Altera Info: #   ByteEvent process: /test_bench/uut/\Q[2]~output\/line__7352 @ sub-iteration 2 to value HiZ
ModelSim-Altera Info: #     Source: counter_8bit.vho:267
ModelSim-Altera Info: #   ByteEvent process: /test_bench/uut/\Q[2]~output\/line__7352 @ sub-iteration 2 to value HiX
ModelSim-Altera Info: #     Source: counter_8bit.vho:267
ModelSim-Altera Info: #   1164Event process: /test_bench/uut/line__216 @ sub-iteration 3 to value HiX
ModelSim-Altera Info: #     Source: C:/Users/HP/Documents/PROJECT_PROCESSOR/counter_8bit/Test_Bench.vhd:11
ModelSim-Altera Info: #   ByteEvent process: /test_bench/uut/\ff2|JK_flipflop|D0|nand2|F~2\/VITALtiming @ sub-iteration 4 to value HiX
ModelSim-Altera Info: #     Source: counter_8bit.vho:564
ModelSim-Altera Info: ################# END OF LOOP #################
ModelSim-Altera Info: # ** Error (suppressible): (vsim-3601) Iteration limit 10000 reached at time 90 ns.
ModelSim-Altera Info: add wave -position insertpoint  \
ModelSim-Altera Info: sim:/test_bench/uut/ww_clk
ModelSim-Altera Warning: # ** Warning: (vsim-WLF-5000) WLF file currently in use: vsim.wlf
ModelSim-Altera Info: #           File in use by: HP  Hostname: LAPTOP-K8S5A5CM  ProcessID: 6836
ModelSim-Altera Info: #           Attempting to use alternate WLF file "./wlftaantk9".
ModelSim-Altera Warning: # ** Warning: (vsim-WLF-5001) Could not open WLF file: vsim.wlf
ModelSim-Altera Info: #           Using alternate file: ./wlftaantk9
ModelSim-Altera Info: add wave -position insertpoint  \
ModelSim-Altera Info: sim:/test_bench/uut/\\RST~input_o\\
ModelSim-Altera Info: add wave -position insertpoint  \
ModelSim-Altera Info: sim:/test_bench/uut/\\Q\[0\]~output_o\\
ModelSim-Altera Info: add wave -position insertpoint  \
ModelSim-Altera Info: sim:/test_bench/uut/\\Q\[1\]~output_o\\
ModelSim-Altera Info: add wave -position insertpoint  \
ModelSim-Altera Info: sim:/test_bench/uut/\\Q\[2\]~output_o\\
ModelSim-Altera Info: add wave -position insertpoint  \
ModelSim-Altera Info: sim:/test_bench/uut/\\Q\[3\]~output_o\\
ModelSim-Altera Info: add wave -position insertpoint  \
ModelSim-Altera Info: sim:/test_bench/uut/\\Q\[4\]~output_o\\
ModelSim-Altera Info: add wave -position insertpoint  \
ModelSim-Altera Info: sim:/test_bench/uut/\\Q\[5\]~output_o\\
ModelSim-Altera Info: add wave -position insertpoint  \
ModelSim-Altera Info: sim:/test_bench/uut/\\Q\[6\]~output_o\\
ModelSim-Altera Info: add wave -position insertpoint  \
ModelSim-Altera Info: sim:/test_bench/uut/\\Q\[7\]~output_o\\
ModelSim-Altera Info: run -all
ModelSim-Altera Info: # ** Error (suppressible): (vsim-3601) Iteration limit 10000 reached at time 90 ns.
ModelSim-Altera Info: run -all
ModelSim-Altera Info: # End time: 07:35:14 on Jul 29,2022, Elapsed time: 0:13:12
ModelSim-Altera Info: # Errors: 2, Warnings: 2
Info: NativeLink simulation flow was successful
