Flow report for counter_8bit
Fri Jul 29 07:20:42 2022
Quartus Prime Version 20.1.1 Build 720 11/11/2020 SJ Lite Edition


---------------------
; Table of Contents ;
---------------------
  1. Legal Notice
  2. Flow Summary
  3. Flow Settings
  4. Flow Non-Default Global Settings
  5. Flow Elapsed Time
  6. Flow OS Summary
  7. Flow Log
  8. Flow Messages
  9. Flow Suppressed Messages



----------------
; Legal Notice ;
----------------
Copyright (C) 2020  Intel Corporation. All rights reserved.
Your use of Intel Corporation's design tools, logic functions 
and other software and tools, and any partner logic 
functions, and any output files from any of the foregoing 
(including device programming or simulation files), and any 
associated documentation or information are expressly subject 
to the terms and conditions of the Intel Program License 
Subscription Agreement, the Intel Quartus Prime License Agreement,
the Intel FPGA IP License Agreement, or other applicable license
agreement, including, without limitation, that your use is for
the sole purpose of programming logic devices manufactured by
Intel and sold by Intel or its authorized distributors.  Please
refer to the applicable agreement for further details, at
https://fpgasoftware.intel.com/eula.



+----------------------------------------------------------------------------------+
; Flow Summary                                                                     ;
+------------------------------------+---------------------------------------------+
; Flow Status                        ; Successful - Fri Jul 29 07:20:42 2022       ;
; Quartus Prime Version              ; 20.1.1 Build 720 11/11/2020 SJ Lite Edition ;
; Revision Name                      ; counter_8bit                                ;
; Top-level Entity Name              ; counter_8bit                                ;
; Family                             ; Cyclone IV E                                ;
; Total logic elements               ; 34 / 6,272 ( < 1 % )                        ;
;     Total combinational functions  ; 34 / 6,272 ( < 1 % )                        ;
;     Dedicated logic registers      ; 0 / 6,272 ( 0 % )                           ;
; Total registers                    ; 0                                           ;
; Total pins                         ; 18 / 92 ( 20 % )                            ;
; Total virtual pins                 ; 0                                           ;
; Total memory bits                  ; 0 / 276,480 ( 0 % )                         ;
; Embedded Multiplier 9-bit elements ; 0 / 30 ( 0 % )                              ;
; Total PLLs                         ; 0 / 2 ( 0 % )                               ;
; Device                             ; EP4CE6E22C6                                 ;
; Timing Models                      ; Final                                       ;
+------------------------------------+---------------------------------------------+


+-----------------------------------------+
; Flow Settings                           ;
+-------------------+---------------------+
; Option            ; Setting             ;
+-------------------+---------------------+
; Start date & time ; 07/29/2022 07:20:21 ;
; Main task         ; Compilation         ;
; Revision Name     ; counter_8bit        ;
+-------------------+---------------------+


+-------------------------------------------------------------------------------------------------------------------------------------------------+
; Flow Non-Default Global Settings                                                                                                                ;
+--------------------------------------+----------------------------------------+---------------+-------------+-----------------------------------+
; Assignment Name                      ; Value                                  ; Default Value ; Entity Name ; Section Id                        ;
+--------------------------------------+----------------------------------------+---------------+-------------+-----------------------------------+
; COMPILER_SIGNATURE_ID                ; 38923010049.165905942139444            ; --            ; --          ; --                                ;
; EDA_DESIGN_INSTANCE_NAME             ; NA                                     ; --            ; --          ; Test_Bench                        ;
; EDA_GENERATE_FUNCTIONAL_NETLIST      ; Off                                    ; --            ; --          ; eda_board_design_timing           ;
; EDA_GENERATE_FUNCTIONAL_NETLIST      ; Off                                    ; --            ; --          ; eda_board_design_boundary_scan    ;
; EDA_GENERATE_FUNCTIONAL_NETLIST      ; Off                                    ; --            ; --          ; eda_board_design_signal_integrity ;
; EDA_GENERATE_FUNCTIONAL_NETLIST      ; Off                                    ; --            ; --          ; eda_board_design_symbol           ;
; EDA_NATIVELINK_SIMULATION_TEST_BENCH ; Test_Bench                             ; --            ; --          ; eda_simulation                    ;
; EDA_OUTPUT_DATA_FORMAT               ; Vhdl                                   ; --            ; --          ; eda_simulation                    ;
; EDA_RUN_TOOL_AUTOMATICALLY           ; On                                     ; --            ; --          ; eda_simulation                    ;
; EDA_SIMULATION_TOOL                  ; ModelSim-Altera (VHDL)                 ; <None>        ; --          ; --                                ;
; EDA_TEST_BENCH_ENABLE_STATUS         ; TEST_BENCH_MODE                        ; --            ; --          ; eda_simulation                    ;
; EDA_TEST_BENCH_FILE                  ; Test_Bench.vhd                         ; --            ; --          ; Test_Bench                        ;
; EDA_TEST_BENCH_MODULE_NAME           ; Test_Bench                             ; --            ; --          ; Test_Bench                        ;
; EDA_TEST_BENCH_NAME                  ; Test_Bench                             ; --            ; --          ; eda_simulation                    ;
; EDA_TIME_SCALE                       ; 1 ps                                   ; --            ; --          ; eda_simulation                    ;
; PARTITION_COLOR                      ; -- (Not supported for targeted family) ; --            ; --          ; Top                               ;
; PARTITION_FITTER_PRESERVATION_LEVEL  ; -- (Not supported for targeted family) ; --            ; --          ; Top                               ;
; PARTITION_NETLIST_TYPE               ; -- (Not supported for targeted family) ; --            ; --          ; Top                               ;
; PROJECT_OUTPUT_DIRECTORY             ; output_files                           ; --            ; --          ; --                                ;
+--------------------------------------+----------------------------------------+---------------+-------------+-----------------------------------+


+--------------------------------------------------------------------------------------------------------------------------+
; Flow Elapsed Time                                                                                                        ;
+----------------------+--------------+-------------------------+---------------------+------------------------------------+
; Module Name          ; Elapsed Time ; Average Processors Used ; Peak Virtual Memory ; Total CPU Time (on all processors) ;
+----------------------+--------------+-------------------------+---------------------+------------------------------------+
; Analysis & Synthesis ; 00:00:10     ; 1.0                     ; 4784 MB             ; 00:00:20                           ;
; Fitter               ; 00:00:04     ; 1.0                     ; 5488 MB             ; 00:00:05                           ;
; Assembler            ; 00:00:00     ; 1.0                     ; 4677 MB             ; 00:00:01                           ;
; Timing Analyzer      ; 00:00:01     ; 1.0                     ; 4778 MB             ; 00:00:02                           ;
; EDA Netlist Writer   ; 00:00:01     ; 1.0                     ; 4638 MB             ; 00:00:01                           ;
; Total                ; 00:00:16     ; --                      ; --                  ; 00:00:29                           ;
+----------------------+--------------+-------------------------+---------------------+------------------------------------+


+------------------------------------------------------------------------------------+
; Flow OS Summary                                                                    ;
+----------------------+------------------+------------+------------+----------------+
; Module Name          ; Machine Hostname ; OS Name    ; OS Version ; Processor type ;
+----------------------+------------------+------------+------------+----------------+
; Analysis & Synthesis ; LAPTOP-K8S5A5CM  ; Windows 10 ; 10.0       ; x86_64         ;
; Fitter               ; LAPTOP-K8S5A5CM  ; Windows 10 ; 10.0       ; x86_64         ;
; Assembler            ; LAPTOP-K8S5A5CM  ; Windows 10 ; 10.0       ; x86_64         ;
; Timing Analyzer      ; LAPTOP-K8S5A5CM  ; Windows 10 ; 10.0       ; x86_64         ;
; EDA Netlist Writer   ; LAPTOP-K8S5A5CM  ; Windows 10 ; 10.0       ; x86_64         ;
+----------------------+------------------+------------+------------+----------------+


------------
; Flow Log ;
------------
quartus_map --read_settings_files=on --write_settings_files=off counter_8bit -c counter_8bit
quartus_fit --read_settings_files=off --write_settings_files=off counter_8bit -c counter_8bit
quartus_asm --read_settings_files=off --write_settings_files=off counter_8bit -c counter_8bit
quartus_sta counter_8bit -c counter_8bit
quartus_eda --read_settings_files=off --write_settings_files=off counter_8bit -c counter_8bit



