Flow report for DECODER_8IP
Sun Jul 24 18:09:28 2022
Quartus Prime Version 20.1.1 Build 720 11/11/2020 SJ Lite Edition


---------------------
; Table of Contents ;
---------------------
  1. Legal Notice
  2. Flow Summary
  3. Flow Settings
  4. Flow Non-Default Global Settings
  5. Flow Elapsed Time
  6. Flow OS Summary
  7. Flow Log
  8. Flow Messages
  9. Flow Suppressed Messages



----------------
; Legal Notice ;
----------------
Copyright (C) 2020  Intel Corporation. All rights reserved.
Your use of Intel Corporation's design tools, logic functions 
and other software and tools, and any partner logic 
functions, and any output files from any of the foregoing 
(including device programming or simulation files), and any 
associated documentation or information are expressly subject 
to the terms and conditions of the Intel Program License 
Subscription Agreement, the Intel Quartus Prime License Agreement,
the Intel FPGA IP License Agreement, or other applicable license
agreement, including, without limitation, that your use is for
the sole purpose of programming logic devices manufactured by
Intel and sold by Intel or its authorized distributors.  Please
refer to the applicable agreement for further details, at
https://fpgasoftware.intel.com/eula.



+----------------------------------------------------------------------------------+
; Flow Summary                                                                     ;
+------------------------------------+---------------------------------------------+
; Flow Status                        ; Successful - Sun Jul 24 18:09:28 2022       ;
; Quartus Prime Version              ; 20.1.1 Build 720 11/11/2020 SJ Lite Edition ;
; Revision Name                      ; DECODER_8IP                                 ;
; Top-level Entity Name              ; DECODER_8IP                                 ;
; Family                             ; Cyclone IV E                                ;
; Total logic elements               ; 295 / 15,408 ( 2 % )                        ;
;     Total combinational functions  ; 295 / 15,408 ( 2 % )                        ;
;     Dedicated logic registers      ; 0 / 15,408 ( 0 % )                          ;
; Total registers                    ; 0                                           ;
; Total pins                         ; 259 / 344 ( 75 % )                          ;
; Total virtual pins                 ; 0                                           ;
; Total memory bits                  ; 0 / 516,096 ( 0 % )                         ;
; Embedded Multiplier 9-bit elements ; 0 / 112 ( 0 % )                             ;
; Total PLLs                         ; 0 / 4 ( 0 % )                               ;
; Device                             ; EP4CE15F23C6                                ;
; Timing Models                      ; Final                                       ;
+------------------------------------+---------------------------------------------+


+-----------------------------------------+
; Flow Settings                           ;
+-------------------+---------------------+
; Option            ; Setting             ;
+-------------------+---------------------+
; Start date & time ; 07/24/2022 18:09:04 ;
; Main task         ; Compilation         ;
; Revision Name     ; DECODER_8IP         ;
+-------------------+---------------------+


+------------------------------------------------------------------------------------------------------------------------------+
; Flow Non-Default Global Settings                                                                                             ;
+--------------------------------------+----------------------------------------+---------------+-------------+----------------+
; Assignment Name                      ; Value                                  ; Default Value ; Entity Name ; Section Id     ;
+--------------------------------------+----------------------------------------+---------------+-------------+----------------+
; COMPILER_SIGNATURE_ID                ; 38923010049.165866634432216            ; --            ; --          ; --             ;
; EDA_DESIGN_INSTANCE_NAME             ; NA                                     ; --            ; --          ; TEST_BENCH     ;
; EDA_NATIVELINK_SIMULATION_TEST_BENCH ; TEST_BENCH                             ; --            ; --          ; eda_simulation ;
; EDA_OUTPUT_DATA_FORMAT               ; Vhdl                                   ; --            ; --          ; eda_simulation ;
; EDA_RUN_TOOL_AUTOMATICALLY           ; On                                     ; --            ; --          ; eda_simulation ;
; EDA_SIMULATION_TOOL                  ; ModelSim-Altera (VHDL)                 ; <None>        ; --          ; --             ;
; EDA_TEST_BENCH_ENABLE_STATUS         ; TEST_BENCH_MODE                        ; --            ; --          ; eda_simulation ;
; EDA_TEST_BENCH_FILE                  ; TEST_BENCH.vhd                         ; --            ; --          ; TEST_BENCH     ;
; EDA_TEST_BENCH_MODULE_NAME           ; TEST_BENCH                             ; --            ; --          ; TEST_BENCH     ;
; EDA_TEST_BENCH_NAME                  ; TEST_BENCH                             ; --            ; --          ; eda_simulation ;
; EDA_TIME_SCALE                       ; 1 ps                                   ; --            ; --          ; eda_simulation ;
; PARTITION_COLOR                      ; -- (Not supported for targeted family) ; --            ; --          ; Top            ;
; PARTITION_FITTER_PRESERVATION_LEVEL  ; -- (Not supported for targeted family) ; --            ; --          ; Top            ;
; PARTITION_NETLIST_TYPE               ; -- (Not supported for targeted family) ; --            ; --          ; Top            ;
; PROJECT_OUTPUT_DIRECTORY             ; output_files                           ; --            ; --          ; --             ;
+--------------------------------------+----------------------------------------+---------------+-------------+----------------+


+--------------------------------------------------------------------------------------------------------------------------+
; Flow Elapsed Time                                                                                                        ;
+----------------------+--------------+-------------------------+---------------------+------------------------------------+
; Module Name          ; Elapsed Time ; Average Processors Used ; Peak Virtual Memory ; Total CPU Time (on all processors) ;
+----------------------+--------------+-------------------------+---------------------+------------------------------------+
; Analysis & Synthesis ; 00:00:10     ; 1.0                     ; 4789 MB             ; 00:00:19                           ;
; Fitter               ; 00:00:06     ; 1.0                     ; 5511 MB             ; 00:00:07                           ;
; Assembler            ; 00:00:01     ; 1.0                     ; 4688 MB             ; 00:00:01                           ;
; Timing Analyzer      ; 00:00:02     ; 1.0                     ; 4786 MB             ; 00:00:02                           ;
; EDA Netlist Writer   ; 00:00:01     ; 1.0                     ; 4643 MB             ; 00:00:01                           ;
; Total                ; 00:00:20     ; --                      ; --                  ; 00:00:30                           ;
+----------------------+--------------+-------------------------+---------------------+------------------------------------+


+------------------------------------------------------------------------------------+
; Flow OS Summary                                                                    ;
+----------------------+------------------+------------+------------+----------------+
; Module Name          ; Machine Hostname ; OS Name    ; OS Version ; Processor type ;
+----------------------+------------------+------------+------------+----------------+
; Analysis & Synthesis ; LAPTOP-K8S5A5CM  ; Windows 10 ; 10.0       ; x86_64         ;
; Fitter               ; LAPTOP-K8S5A5CM  ; Windows 10 ; 10.0       ; x86_64         ;
; Assembler            ; LAPTOP-K8S5A5CM  ; Windows 10 ; 10.0       ; x86_64         ;
; Timing Analyzer      ; LAPTOP-K8S5A5CM  ; Windows 10 ; 10.0       ; x86_64         ;
; EDA Netlist Writer   ; LAPTOP-K8S5A5CM  ; Windows 10 ; 10.0       ; x86_64         ;
+----------------------+------------------+------------+------------+----------------+


------------
; Flow Log ;
------------
quartus_map --read_settings_files=on --write_settings_files=off DECODER_8IP -c DECODER_8IP
quartus_fit --read_settings_files=off --write_settings_files=off DECODER_8IP -c DECODER_8IP
quartus_asm --read_settings_files=off --write_settings_files=off DECODER_8IP -c DECODER_8IP
quartus_sta DECODER_8IP -c DECODER_8IP
quartus_eda --read_settings_files=off --write_settings_files=off DECODER_8IP -c DECODER_8IP



